Performing C SOURCE FILE Test CMAKE_HAVE_LIBC_PTHREAD failed with the following output:
Change Dir: /home/jialong03/github/rc _ws/build/rc_gazebo/CMakeFiles/CMakeTmp

Run Build Command(s):/usr/bin/make cmTC_401e2/fast && /usr/bin/make -f CMakeFiles/cmTC_401e2.dir/build.make CMakeFiles/cmTC_401e2.dir/build
make[1]: 进入目录“/home/jialong03/github/rc _ws/build/rc_gazebo/CMakeFiles/CMakeTmp”
Building C object CMakeFiles/cmTC_401e2.dir/src.c.o
/usr/bin/cc   -DCMAKE_HAVE_LIBC_PTHREAD   -o CMakeFiles/cmTC_401e2.dir/src.c.o   -c "/home/jialong03/github/rc _ws/build/rc_gazebo/CMakeFiles/CMakeTmp/src.c"
Linking C executable cmTC_401e2
/usr/bin/cmake -E cmake_link_script CMakeFiles/cmTC_401e2.dir/link.txt --verbose=1
/usr/bin/cc  -DCMAKE_HAVE_LIBC_PTHREAD    -rdynamic CMakeFiles/cmTC_401e2.dir/src.c.o  -o cmTC_401e2 
/usr/bin/ld: CMakeFiles/cmTC_401e2.dir/src.c.o: in function `main':
src.c:(.text+0x3e): undefined reference to `pthread_create'
/usr/bin/ld: src.c:(.text+0x4a): undefined reference to `pthread_detach'
/usr/bin/ld: src.c:(.text+0x5b): undefined reference to `pthread_join'
collect2: error: ld returned 1 exit status
make[1]: *** [CMakeFiles/cmTC_401e2.dir/build.make:87：cmTC_401e2] 错误 1
make[1]: 离开目录“/home/jialong03/github/rc _ws/build/rc_gazebo/CMakeFiles/CMakeTmp”
make: *** [Makefile:121：cmTC_401e2/fast] 错误 2


Source file was:
#include <pthread.h>

void* test_func(void* data)
{
  return data;
}

int main(void)
{
  pthread_t thread;
  pthread_create(&thread, NULL, test_func, NULL);
  pthread_detach(thread);
  pthread_join(thread, NULL);
  pthread_atfork(NULL, NULL, NULL);
  pthread_exit(NULL);

  return 0;
}

Determining if the function pthread_create exists in the pthreads failed with the following output:
Change Dir: /home/jialong03/github/rc _ws/build/rc_gazebo/CMakeFiles/CMakeTmp

Run Build Command(s):/usr/bin/make cmTC_f75bf/fast && /usr/bin/make -f CMakeFiles/cmTC_f75bf.dir/build.make CMakeFiles/cmTC_f75bf.dir/build
make[1]: 进入目录“/home/jialong03/github/rc _ws/build/rc_gazebo/CMakeFiles/CMakeTmp”
Building C object CMakeFiles/cmTC_f75bf.dir/CheckFunctionExists.c.o
/usr/bin/cc   -DCHECK_FUNCTION_EXISTS=pthread_create   -o CMakeFiles/cmTC_f75bf.dir/CheckFunctionExists.c.o   -c /usr/share/cmake-3.16/Modules/CheckFunctionExists.c
Linking C executable cmTC_f75bf
/usr/bin/cmake -E cmake_link_script CMakeFiles/cmTC_f75bf.dir/link.txt --verbose=1
/usr/bin/cc  -DCHECK_FUNCTION_EXISTS=pthread_create    -rdynamic CMakeFiles/cmTC_f75bf.dir/CheckFunctionExists.c.o  -o cmTC_f75bf  -lpthreads 
/usr/bin/ld: 找不到 -lpthreads
collect2: error: ld returned 1 exit status
make[1]: *** [CMakeFiles/cmTC_f75bf.dir/build.make:87：cmTC_f75bf] 错误 1
make[1]: 离开目录“/home/jialong03/github/rc _ws/build/rc_gazebo/CMakeFiles/CMakeTmp”
make: *** [Makefile:121：cmTC_f75bf/fast] 错误 2



