[  0%] Built target geometry_msgs_generate_messages_py
[  0%] Built target actionlib_msgs_generate_messages_py
[  0%] Built target std_msgs_generate_messages_py
[  0%] Built target actionlib_msgs_generate_messages_cpp
[  0%] Built target geometry_msgs_generate_messages_cpp
[  0%] Built target std_msgs_generate_messages_cpp
[  0%] Built target geometry_msgs_generate_messages_eus
[  0%] Built target _rc_msgs_generate_messages_check_deps_ActionData
[  0%] Built target _rc_msgs_generate_messages_check_deps_LpData
[  0%] Built target _rc_msgs_generate_messages_check_deps_GpioData
[  0%] Built target _rc_msgs_generate_messages_check_deps_IbusData
[  0%] Built target _rc_msgs_generate_messages_check_deps_ActionCmd
[  0%] Built target _rc_msgs_generate_messages_check_deps_ActuatorState
[  0%] Built target actionlib_msgs_generate_messages_eus
[  0%] Built target std_msgs_generate_messages_eus
[  0%] Built target geometry_msgs_generate_messages_lisp
[  0%] Built target _rc_msgs_generate_messages_check_deps_ChassisCmd
[  0%] Built target actionlib_msgs_generate_messages_lisp
[  0%] Built target std_msgs_generate_messages_lisp
[  0%] Built target std_msgs_generate_messages_nodejs
[  0%] Built target geometry_msgs_generate_messages_nodejs
[  0%] Built target actionlib_msgs_generate_messages_nodejs
[ 36%] Built target rc_msgs_generate_messages_cpp
[ 42%] Built target rc_msgs_generate_messages_py
[ 60%] Built target rc_msgs_generate_messages_lisp
[ 81%] Built target rc_msgs_generate_messages_eus
[100%] Built target rc_msgs_generate_messages_nodejs
[100%] Built target rc_msgs_generate_messages
