Symlinking /home/jialong03/github/rc _ws/devel/include/rc_msgs/GpioData.h
Symlinking /home/jialong03/github/rc _ws/devel/include/rc_msgs/IbusData.h
Symlinking /home/jialong03/github/rc _ws/devel/include/rc_msgs/LpData.h
Symlinking /home/jialong03/github/rc _ws/devel/include/rc_msgs/ActionData.h
Symlinking /home/jialong03/github/rc _ws/devel/include/rc_msgs/ActionCmdResponse.h
Symlinking /home/jialong03/github/rc _ws/devel/include/rc_msgs/ActuatorState.h
Symlinking /home/jialong03/github/rc _ws/devel/include/rc_msgs/ChassisCmd.h
Symlinking /home/jialong03/github/rc _ws/devel/include/rc_msgs/ActionCmdRequest.h
Symlinking /home/jialong03/github/rc _ws/devel/include/rc_msgs/ActionCmd.h
Symlinking /home/jialong03/github/rc _ws/devel/lib/pkgconfig/rc_msgs.pc
Symlinking /home/jialong03/github/rc _ws/devel/lib/python3/dist-packages/rc_msgs/__init__.py
Symlinking /home/jialong03/github/rc _ws/devel/lib/python3/dist-packages/rc_msgs/msg/_GpioData.py
Symlinking /home/jialong03/github/rc _ws/devel/lib/python3/dist-packages/rc_msgs/msg/_ActionData.py
Symlinking /home/jialong03/github/rc _ws/devel/lib/python3/dist-packages/rc_msgs/msg/_ChassisCmd.py
Symlinking /home/jialong03/github/rc _ws/devel/lib/python3/dist-packages/rc_msgs/msg/_IbusData.py
Symlinking /home/jialong03/github/rc _ws/devel/lib/python3/dist-packages/rc_msgs/msg/_LpData.py
Symlinking /home/jialong03/github/rc _ws/devel/lib/python3/dist-packages/rc_msgs/msg/__init__.py
Symlinking /home/jialong03/github/rc _ws/devel/lib/python3/dist-packages/rc_msgs/msg/_ActuatorState.py
Symlinking /home/jialong03/github/rc _ws/devel/lib/python3/dist-packages/rc_msgs/srv/_ActionCmd.py
Symlinking /home/jialong03/github/rc _ws/devel/lib/python3/dist-packages/rc_msgs/srv/__init__.py
Symlinking /home/jialong03/github/rc _ws/devel/share/gennodejs/ros/rc_msgs/_index.js
Symlinking /home/jialong03/github/rc _ws/devel/share/gennodejs/ros/rc_msgs/msg/ActionData.js
Symlinking /home/jialong03/github/rc _ws/devel/share/gennodejs/ros/rc_msgs/msg/ActuatorState.js
Symlinking /home/jialong03/github/rc _ws/devel/share/gennodejs/ros/rc_msgs/msg/LpData.js
Symlinking /home/jialong03/github/rc _ws/devel/share/gennodejs/ros/rc_msgs/msg/IbusData.js
Symlinking /home/jialong03/github/rc _ws/devel/share/gennodejs/ros/rc_msgs/msg/_index.js
Symlinking /home/jialong03/github/rc _ws/devel/share/gennodejs/ros/rc_msgs/msg/ChassisCmd.js
Symlinking /home/jialong03/github/rc _ws/devel/share/gennodejs/ros/rc_msgs/msg/GpioData.js
Symlinking /home/jialong03/github/rc _ws/devel/share/gennodejs/ros/rc_msgs/srv/ActionCmd.js
Symlinking /home/jialong03/github/rc _ws/devel/share/gennodejs/ros/rc_msgs/srv/_index.js
Symlinking /home/jialong03/github/rc _ws/devel/share/roseus/ros/rc_msgs/manifest.l
Symlinking /home/jialong03/github/rc _ws/devel/share/roseus/ros/rc_msgs/msg/IbusData.l
Symlinking /home/jialong03/github/rc _ws/devel/share/roseus/ros/rc_msgs/msg/ChassisCmd.l
Symlinking /home/jialong03/github/rc _ws/devel/share/roseus/ros/rc_msgs/msg/LpData.l
Symlinking /home/jialong03/github/rc _ws/devel/share/roseus/ros/rc_msgs/msg/ActuatorState.l
Symlinking /home/jialong03/github/rc _ws/devel/share/roseus/ros/rc_msgs/msg/ActionData.l
Symlinking /home/jialong03/github/rc _ws/devel/share/roseus/ros/rc_msgs/msg/GpioData.l
Symlinking /home/jialong03/github/rc _ws/devel/share/roseus/ros/rc_msgs/srv/ActionCmd.l
Symlinking /home/jialong03/github/rc _ws/devel/share/common-lisp/ros/rc_msgs/msg/_package_GpioData.lisp
Symlinking /home/jialong03/github/rc _ws/devel/share/common-lisp/ros/rc_msgs/msg/ActionData.lisp
Symlinking /home/jialong03/github/rc _ws/devel/share/common-lisp/ros/rc_msgs/msg/rc_msgs-msg.asd
Symlinking /home/jialong03/github/rc _ws/devel/share/common-lisp/ros/rc_msgs/msg/GpioData.lisp
Symlinking /home/jialong03/github/rc _ws/devel/share/common-lisp/ros/rc_msgs/msg/LpData.lisp
Symlinking /home/jialong03/github/rc _ws/devel/share/common-lisp/ros/rc_msgs/msg/_package_ActuatorState.lisp
Symlinking /home/jialong03/github/rc _ws/devel/share/common-lisp/ros/rc_msgs/msg/_package_ChassisCmd.lisp
Symlinking /home/jialong03/github/rc _ws/devel/share/common-lisp/ros/rc_msgs/msg/_package_LpData.lisp
Symlinking /home/jialong03/github/rc _ws/devel/share/common-lisp/ros/rc_msgs/msg/_package_IbusData.lisp
Symlinking /home/jialong03/github/rc _ws/devel/share/common-lisp/ros/rc_msgs/msg/_package_ActionData.lisp
Symlinking /home/jialong03/github/rc _ws/devel/share/common-lisp/ros/rc_msgs/msg/ChassisCmd.lisp
Symlinking /home/jialong03/github/rc _ws/devel/share/common-lisp/ros/rc_msgs/msg/ActuatorState.lisp
Symlinking /home/jialong03/github/rc _ws/devel/share/common-lisp/ros/rc_msgs/msg/IbusData.lisp
Symlinking /home/jialong03/github/rc _ws/devel/share/common-lisp/ros/rc_msgs/msg/_package.lisp
Symlinking /home/jialong03/github/rc _ws/devel/share/common-lisp/ros/rc_msgs/srv/ActionCmd.lisp
Symlinking /home/jialong03/github/rc _ws/devel/share/common-lisp/ros/rc_msgs/srv/_package_ActionCmd.lisp
Symlinking /home/jialong03/github/rc _ws/devel/share/common-lisp/ros/rc_msgs/srv/rc_msgs-srv.asd
Symlinking /home/jialong03/github/rc _ws/devel/share/common-lisp/ros/rc_msgs/srv/_package.lisp
Symlinking /home/jialong03/github/rc _ws/devel/share/rc_msgs/cmake/rc_msgs-msg-extras.cmake
Symlinking /home/jialong03/github/rc _ws/devel/share/rc_msgs/cmake/rc_msgs-msg-paths.cmake
Symlinking /home/jialong03/github/rc _ws/devel/share/rc_msgs/cmake/rc_msgsConfig.cmake
Symlinking /home/jialong03/github/rc _ws/devel/share/rc_msgs/cmake/rc_msgsConfig-version.cmake
