Linked: (/home/jialong03/github/rc _ws/devel/.private/rc_msgs/include/rc_msgs/GpioData.h, /home/jialong03/github/rc _ws/devel/include/rc_msgs/GpioData.h)
Linked: (/home/jialong03/github/rc _ws/devel/.private/rc_msgs/include/rc_msgs/IbusData.h, /home/jialong03/github/rc _ws/devel/include/rc_msgs/IbusData.h)
Linked: (/home/jialong03/github/rc _ws/devel/.private/rc_msgs/include/rc_msgs/LpData.h, /home/jialong03/github/rc _ws/devel/include/rc_msgs/LpData.h)
Linked: (/home/jialong03/github/rc _ws/devel/.private/rc_msgs/include/rc_msgs/ActionData.h, /home/jialong03/github/rc _ws/devel/include/rc_msgs/ActionData.h)
Linked: (/home/jialong03/github/rc _ws/devel/.private/rc_msgs/include/rc_msgs/ActionCmdResponse.h, /home/jialong03/github/rc _ws/devel/include/rc_msgs/ActionCmdResponse.h)
Linked: (/home/jialong03/github/rc _ws/devel/.private/rc_msgs/include/rc_msgs/ActuatorState.h, /home/jialong03/github/rc _ws/devel/include/rc_msgs/ActuatorState.h)
Linked: (/home/jialong03/github/rc _ws/devel/.private/rc_msgs/include/rc_msgs/ChassisCmd.h, /home/jialong03/github/rc _ws/devel/include/rc_msgs/ChassisCmd.h)
Linked: (/home/jialong03/github/rc _ws/devel/.private/rc_msgs/include/rc_msgs/ActionCmdRequest.h, /home/jialong03/github/rc _ws/devel/include/rc_msgs/ActionCmdRequest.h)
Linked: (/home/jialong03/github/rc _ws/devel/.private/rc_msgs/include/rc_msgs/ActionCmd.h, /home/jialong03/github/rc _ws/devel/include/rc_msgs/ActionCmd.h)
Linked: (/home/jialong03/github/rc _ws/devel/.private/rc_msgs/lib/pkgconfig/rc_msgs.pc, /home/jialong03/github/rc _ws/devel/lib/pkgconfig/rc_msgs.pc)
Linked: (/home/jialong03/github/rc _ws/devel/.private/rc_msgs/lib/python3/dist-packages/rc_msgs/__init__.py, /home/jialong03/github/rc _ws/devel/lib/python3/dist-packages/rc_msgs/__init__.py)
Linked: (/home/jialong03/github/rc _ws/devel/.private/rc_msgs/lib/python3/dist-packages/rc_msgs/msg/_GpioData.py, /home/jialong03/github/rc _ws/devel/lib/python3/dist-packages/rc_msgs/msg/_GpioData.py)
Linked: (/home/jialong03/github/rc _ws/devel/.private/rc_msgs/lib/python3/dist-packages/rc_msgs/msg/_ActionData.py, /home/jialong03/github/rc _ws/devel/lib/python3/dist-packages/rc_msgs/msg/_ActionData.py)
Linked: (/home/jialong03/github/rc _ws/devel/.private/rc_msgs/lib/python3/dist-packages/rc_msgs/msg/_ChassisCmd.py, /home/jialong03/github/rc _ws/devel/lib/python3/dist-packages/rc_msgs/msg/_ChassisCmd.py)
Linked: (/home/jialong03/github/rc _ws/devel/.private/rc_msgs/lib/python3/dist-packages/rc_msgs/msg/_IbusData.py, /home/jialong03/github/rc _ws/devel/lib/python3/dist-packages/rc_msgs/msg/_IbusData.py)
Linked: (/home/jialong03/github/rc _ws/devel/.private/rc_msgs/lib/python3/dist-packages/rc_msgs/msg/_LpData.py, /home/jialong03/github/rc _ws/devel/lib/python3/dist-packages/rc_msgs/msg/_LpData.py)
Linked: (/home/jialong03/github/rc _ws/devel/.private/rc_msgs/lib/python3/dist-packages/rc_msgs/msg/__init__.py, /home/jialong03/github/rc _ws/devel/lib/python3/dist-packages/rc_msgs/msg/__init__.py)
Linked: (/home/jialong03/github/rc _ws/devel/.private/rc_msgs/lib/python3/dist-packages/rc_msgs/msg/_ActuatorState.py, /home/jialong03/github/rc _ws/devel/lib/python3/dist-packages/rc_msgs/msg/_ActuatorState.py)
Linked: (/home/jialong03/github/rc _ws/devel/.private/rc_msgs/lib/python3/dist-packages/rc_msgs/srv/_ActionCmd.py, /home/jialong03/github/rc _ws/devel/lib/python3/dist-packages/rc_msgs/srv/_ActionCmd.py)
Linked: (/home/jialong03/github/rc _ws/devel/.private/rc_msgs/lib/python3/dist-packages/rc_msgs/srv/__init__.py, /home/jialong03/github/rc _ws/devel/lib/python3/dist-packages/rc_msgs/srv/__init__.py)
Linked: (/home/jialong03/github/rc _ws/devel/.private/rc_msgs/share/gennodejs/ros/rc_msgs/_index.js, /home/jialong03/github/rc _ws/devel/share/gennodejs/ros/rc_msgs/_index.js)
Linked: (/home/jialong03/github/rc _ws/devel/.private/rc_msgs/share/gennodejs/ros/rc_msgs/msg/ActionData.js, /home/jialong03/github/rc _ws/devel/share/gennodejs/ros/rc_msgs/msg/ActionData.js)
Linked: (/home/jialong03/github/rc _ws/devel/.private/rc_msgs/share/gennodejs/ros/rc_msgs/msg/ActuatorState.js, /home/jialong03/github/rc _ws/devel/share/gennodejs/ros/rc_msgs/msg/ActuatorState.js)
Linked: (/home/jialong03/github/rc _ws/devel/.private/rc_msgs/share/gennodejs/ros/rc_msgs/msg/LpData.js, /home/jialong03/github/rc _ws/devel/share/gennodejs/ros/rc_msgs/msg/LpData.js)
Linked: (/home/jialong03/github/rc _ws/devel/.private/rc_msgs/share/gennodejs/ros/rc_msgs/msg/IbusData.js, /home/jialong03/github/rc _ws/devel/share/gennodejs/ros/rc_msgs/msg/IbusData.js)
Linked: (/home/jialong03/github/rc _ws/devel/.private/rc_msgs/share/gennodejs/ros/rc_msgs/msg/_index.js, /home/jialong03/github/rc _ws/devel/share/gennodejs/ros/rc_msgs/msg/_index.js)
Linked: (/home/jialong03/github/rc _ws/devel/.private/rc_msgs/share/gennodejs/ros/rc_msgs/msg/ChassisCmd.js, /home/jialong03/github/rc _ws/devel/share/gennodejs/ros/rc_msgs/msg/ChassisCmd.js)
Linked: (/home/jialong03/github/rc _ws/devel/.private/rc_msgs/share/gennodejs/ros/rc_msgs/msg/GpioData.js, /home/jialong03/github/rc _ws/devel/share/gennodejs/ros/rc_msgs/msg/GpioData.js)
Linked: (/home/jialong03/github/rc _ws/devel/.private/rc_msgs/share/gennodejs/ros/rc_msgs/srv/ActionCmd.js, /home/jialong03/github/rc _ws/devel/share/gennodejs/ros/rc_msgs/srv/ActionCmd.js)
Linked: (/home/jialong03/github/rc _ws/devel/.private/rc_msgs/share/gennodejs/ros/rc_msgs/srv/_index.js, /home/jialong03/github/rc _ws/devel/share/gennodejs/ros/rc_msgs/srv/_index.js)
Linked: (/home/jialong03/github/rc _ws/devel/.private/rc_msgs/share/roseus/ros/rc_msgs/manifest.l, /home/jialong03/github/rc _ws/devel/share/roseus/ros/rc_msgs/manifest.l)
Linked: (/home/jialong03/github/rc _ws/devel/.private/rc_msgs/share/roseus/ros/rc_msgs/msg/IbusData.l, /home/jialong03/github/rc _ws/devel/share/roseus/ros/rc_msgs/msg/IbusData.l)
Linked: (/home/jialong03/github/rc _ws/devel/.private/rc_msgs/share/roseus/ros/rc_msgs/msg/ChassisCmd.l, /home/jialong03/github/rc _ws/devel/share/roseus/ros/rc_msgs/msg/ChassisCmd.l)
Linked: (/home/jialong03/github/rc _ws/devel/.private/rc_msgs/share/roseus/ros/rc_msgs/msg/LpData.l, /home/jialong03/github/rc _ws/devel/share/roseus/ros/rc_msgs/msg/LpData.l)
Linked: (/home/jialong03/github/rc _ws/devel/.private/rc_msgs/share/roseus/ros/rc_msgs/msg/ActuatorState.l, /home/jialong03/github/rc _ws/devel/share/roseus/ros/rc_msgs/msg/ActuatorState.l)
Linked: (/home/jialong03/github/rc _ws/devel/.private/rc_msgs/share/roseus/ros/rc_msgs/msg/ActionData.l, /home/jialong03/github/rc _ws/devel/share/roseus/ros/rc_msgs/msg/ActionData.l)
Linked: (/home/jialong03/github/rc _ws/devel/.private/rc_msgs/share/roseus/ros/rc_msgs/msg/GpioData.l, /home/jialong03/github/rc _ws/devel/share/roseus/ros/rc_msgs/msg/GpioData.l)
Linked: (/home/jialong03/github/rc _ws/devel/.private/rc_msgs/share/roseus/ros/rc_msgs/srv/ActionCmd.l, /home/jialong03/github/rc _ws/devel/share/roseus/ros/rc_msgs/srv/ActionCmd.l)
Linked: (/home/jialong03/github/rc _ws/devel/.private/rc_msgs/share/common-lisp/ros/rc_msgs/msg/_package_GpioData.lisp, /home/jialong03/github/rc _ws/devel/share/common-lisp/ros/rc_msgs/msg/_package_GpioData.lisp)
Linked: (/home/jialong03/github/rc _ws/devel/.private/rc_msgs/share/common-lisp/ros/rc_msgs/msg/ActionData.lisp, /home/jialong03/github/rc _ws/devel/share/common-lisp/ros/rc_msgs/msg/ActionData.lisp)
Linked: (/home/jialong03/github/rc _ws/devel/.private/rc_msgs/share/common-lisp/ros/rc_msgs/msg/rc_msgs-msg.asd, /home/jialong03/github/rc _ws/devel/share/common-lisp/ros/rc_msgs/msg/rc_msgs-msg.asd)
Linked: (/home/jialong03/github/rc _ws/devel/.private/rc_msgs/share/common-lisp/ros/rc_msgs/msg/GpioData.lisp, /home/jialong03/github/rc _ws/devel/share/common-lisp/ros/rc_msgs/msg/GpioData.lisp)
Linked: (/home/jialong03/github/rc _ws/devel/.private/rc_msgs/share/common-lisp/ros/rc_msgs/msg/LpData.lisp, /home/jialong03/github/rc _ws/devel/share/common-lisp/ros/rc_msgs/msg/LpData.lisp)
Linked: (/home/jialong03/github/rc _ws/devel/.private/rc_msgs/share/common-lisp/ros/rc_msgs/msg/_package_ActuatorState.lisp, /home/jialong03/github/rc _ws/devel/share/common-lisp/ros/rc_msgs/msg/_package_ActuatorState.lisp)
Linked: (/home/jialong03/github/rc _ws/devel/.private/rc_msgs/share/common-lisp/ros/rc_msgs/msg/_package_ChassisCmd.lisp, /home/jialong03/github/rc _ws/devel/share/common-lisp/ros/rc_msgs/msg/_package_ChassisCmd.lisp)
Linked: (/home/jialong03/github/rc _ws/devel/.private/rc_msgs/share/common-lisp/ros/rc_msgs/msg/_package_LpData.lisp, /home/jialong03/github/rc _ws/devel/share/common-lisp/ros/rc_msgs/msg/_package_LpData.lisp)
Linked: (/home/jialong03/github/rc _ws/devel/.private/rc_msgs/share/common-lisp/ros/rc_msgs/msg/_package_IbusData.lisp, /home/jialong03/github/rc _ws/devel/share/common-lisp/ros/rc_msgs/msg/_package_IbusData.lisp)
Linked: (/home/jialong03/github/rc _ws/devel/.private/rc_msgs/share/common-lisp/ros/rc_msgs/msg/_package_ActionData.lisp, /home/jialong03/github/rc _ws/devel/share/common-lisp/ros/rc_msgs/msg/_package_ActionData.lisp)
Linked: (/home/jialong03/github/rc _ws/devel/.private/rc_msgs/share/common-lisp/ros/rc_msgs/msg/ChassisCmd.lisp, /home/jialong03/github/rc _ws/devel/share/common-lisp/ros/rc_msgs/msg/ChassisCmd.lisp)
Linked: (/home/jialong03/github/rc _ws/devel/.private/rc_msgs/share/common-lisp/ros/rc_msgs/msg/ActuatorState.lisp, /home/jialong03/github/rc _ws/devel/share/common-lisp/ros/rc_msgs/msg/ActuatorState.lisp)
Linked: (/home/jialong03/github/rc _ws/devel/.private/rc_msgs/share/common-lisp/ros/rc_msgs/msg/IbusData.lisp, /home/jialong03/github/rc _ws/devel/share/common-lisp/ros/rc_msgs/msg/IbusData.lisp)
Linked: (/home/jialong03/github/rc _ws/devel/.private/rc_msgs/share/common-lisp/ros/rc_msgs/msg/_package.lisp, /home/jialong03/github/rc _ws/devel/share/common-lisp/ros/rc_msgs/msg/_package.lisp)
Linked: (/home/jialong03/github/rc _ws/devel/.private/rc_msgs/share/common-lisp/ros/rc_msgs/srv/ActionCmd.lisp, /home/jialong03/github/rc _ws/devel/share/common-lisp/ros/rc_msgs/srv/ActionCmd.lisp)
Linked: (/home/jialong03/github/rc _ws/devel/.private/rc_msgs/share/common-lisp/ros/rc_msgs/srv/_package_ActionCmd.lisp, /home/jialong03/github/rc _ws/devel/share/common-lisp/ros/rc_msgs/srv/_package_ActionCmd.lisp)
Linked: (/home/jialong03/github/rc _ws/devel/.private/rc_msgs/share/common-lisp/ros/rc_msgs/srv/rc_msgs-srv.asd, /home/jialong03/github/rc _ws/devel/share/common-lisp/ros/rc_msgs/srv/rc_msgs-srv.asd)
Linked: (/home/jialong03/github/rc _ws/devel/.private/rc_msgs/share/common-lisp/ros/rc_msgs/srv/_package.lisp, /home/jialong03/github/rc _ws/devel/share/common-lisp/ros/rc_msgs/srv/_package.lisp)
Linked: (/home/jialong03/github/rc _ws/devel/.private/rc_msgs/share/rc_msgs/cmake/rc_msgs-msg-extras.cmake, /home/jialong03/github/rc _ws/devel/share/rc_msgs/cmake/rc_msgs-msg-extras.cmake)
Linked: (/home/jialong03/github/rc _ws/devel/.private/rc_msgs/share/rc_msgs/cmake/rc_msgs-msg-paths.cmake, /home/jialong03/github/rc _ws/devel/share/rc_msgs/cmake/rc_msgs-msg-paths.cmake)
Linked: (/home/jialong03/github/rc _ws/devel/.private/rc_msgs/share/rc_msgs/cmake/rc_msgsConfig.cmake, /home/jialong03/github/rc _ws/devel/share/rc_msgs/cmake/rc_msgsConfig.cmake)
Linked: (/home/jialong03/github/rc _ws/devel/.private/rc_msgs/share/rc_msgs/cmake/rc_msgsConfig-version.cmake, /home/jialong03/github/rc _ws/devel/share/rc_msgs/cmake/rc_msgsConfig-version.cmake)
