[35m[1mScanning dependencies of target geometry_msgs_generate_messages_py[0m
[35m[1mScanning dependencies of target actionlib_msgs_generate_messages_py[0m
[35m[1mScanning dependencies of target _rc_msgs_generate_messages_check_deps_LpData[0m
[35m[1mScanning dependencies of target _rc_msgs_generate_messages_check_deps_ActionCmd[0m
[35m[1mScanning dependencies of target _rc_msgs_generate_messages_check_deps_GpioData[0m
[35m[1mScanning dependencies of target std_msgs_generate_messages_py[0m
[35m[1mScanning dependencies of target _rc_msgs_generate_messages_check_deps_ActionData[0m
[35m[1mScanning dependencies of target _rc_msgs_generate_messages_check_deps_IbusData[0m
[35m[1mScanning dependencies of target actionlib_msgs_generate_messages_cpp[0m
[35m[1mScanning dependencies of target _rc_msgs_generate_messages_check_deps_ActuatorState[0m
[  0%] Built target geometry_msgs_generate_messages_py
[35m[1mScanning dependencies of target geometry_msgs_generate_messages_cpp[0m
[35m[1mScanning dependencies of target _rc_msgs_generate_messages_check_deps_ChassisCmd[0m
[  0%] Built target actionlib_msgs_generate_messages_py
[  0%] Built target actionlib_msgs_generate_messages_cpp
[  0%] Built target std_msgs_generate_messages_py
[35m[1mScanning dependencies of target std_msgs_generate_messages_cpp[0m
[  0%] Built target geometry_msgs_generate_messages_cpp
[35m[1mScanning dependencies of target geometry_msgs_generate_messages_eus[0m
[35m[1mScanning dependencies of target std_msgs_generate_messages_eus[0m
[35m[1mScanning dependencies of target geometry_msgs_generate_messages_lisp[0m
[  0%] Built target geometry_msgs_generate_messages_eus
[  0%] Built target std_msgs_generate_messages_eus
[35m[1mScanning dependencies of target actionlib_msgs_generate_messages_eus[0m
[  0%] Built target geometry_msgs_generate_messages_lisp
[  0%] Built target std_msgs_generate_messages_cpp
[35m[1mScanning dependencies of target actionlib_msgs_generate_messages_lisp[0m
[35m[1mScanning dependencies of target std_msgs_generate_messages_lisp[0m
[35m[1mScanning dependencies of target std_msgs_generate_messages_nodejs[0m
[  0%] Built target actionlib_msgs_generate_messages_eus
[  0%] Built target actionlib_msgs_generate_messages_lisp
[35m[1mScanning dependencies of target geometry_msgs_generate_messages_nodejs[0m
[  0%] Built target std_msgs_generate_messages_lisp
[  0%] Built target _rc_msgs_generate_messages_check_deps_LpData
[  0%] Built target geometry_msgs_generate_messages_nodejs
[35m[1mScanning dependencies of target actionlib_msgs_generate_messages_nodejs[0m
[  0%] Built target _rc_msgs_generate_messages_check_deps_GpioData
[  0%] Built target _rc_msgs_generate_messages_check_deps_ActionData
[  0%] Built target _rc_msgs_generate_messages_check_deps_ActionCmd
[  0%] Built target _rc_msgs_generate_messages_check_deps_ActuatorState
[  0%] Built target _rc_msgs_generate_messages_check_deps_IbusData
[  0%] Built target _rc_msgs_generate_messages_check_deps_ChassisCmd
[  0%] Built target actionlib_msgs_generate_messages_nodejs
[  0%] Built target std_msgs_generate_messages_nodejs
[35m[1mScanning dependencies of target rc_msgs_generate_messages_py[0m
[35m[1mScanning dependencies of target rc_msgs_generate_messages_lisp[0m
[35m[1mScanning dependencies of target rc_msgs_generate_messages_eus[0m
[35m[1mScanning dependencies of target rc_msgs_generate_messages_cpp[0m
[35m[1mScanning dependencies of target rc_msgs_generate_messages_nodejs[0m
[  2%] [34m[1mGenerating EusLisp code from rc_msgs/ActuatorState.msg[0m
[ 10%] [34m[1mGenerating Lisp code from rc_msgs/ActuatorState.msg[0m
[ 10%] [34m[1mGenerating Lisp code from rc_msgs/GpioData.msg[0m
[ 13%] [34m[1mGenerating Python from MSG rc_msgs/LpData[0m
[ 13%] [34m[1mGenerating Python from MSG rc_msgs/ActuatorState[0m
[ 18%] [34m[1mGenerating Lisp code from rc_msgs/LpData.msg[0m
[ 18%] [34m[1mGenerating Python from MSG rc_msgs/GpioData[0m
[ 21%] [34m[1mGenerating Python from MSG rc_msgs/ActionData[0m
[ 23%] [34m[1mGenerating EusLisp code from rc_msgs/GpioData.msg[0m
[ 26%] [34m[1mGenerating EusLisp code from rc_msgs/LpData.msg[0m
[ 31%] [34m[1mGenerating Javascript code from rc_msgs/ActuatorState.msg[0m
[ 31%] [34m[1mGenerating C++ code from rc_msgs/ActuatorState.msg[0m
[ 36%] [34m[1mGenerating Lisp code from rc_msgs/ActionData.msg[0m
[ 36%] [34m[1mGenerating C++ code from rc_msgs/GpioData.msg[0m
[ 39%] [34m[1mGenerating C++ code from rc_msgs/LpData.msg[0m
[ 42%] [34m[1mGenerating Javascript code from rc_msgs/GpioData.msg[0m
[ 44%] [34m[1mGenerating Lisp code from rc_msgs/ChassisCmd.msg[0m
[ 47%] [34m[1mGenerating Lisp code from rc_msgs/IbusData.msg[0m
[ 50%] [34m[1mGenerating Javascript code from rc_msgs/LpData.msg[0m
[ 52%] [34m[1mGenerating Lisp code from rc_msgs/ActionCmd.srv[0m
[ 55%] [34m[1mGenerating Python from MSG rc_msgs/ChassisCmd[0m
[ 57%] [34m[1mGenerating EusLisp code from rc_msgs/ActionData.msg[0m
[ 60%] [34m[1mGenerating Python from MSG rc_msgs/IbusData[0m
[ 63%] [34m[1mGenerating Python code from SRV rc_msgs/ActionCmd[0m
[ 65%] [34m[1mGenerating C++ code from rc_msgs/ActionData.msg[0m
[ 68%] [34m[1mGenerating EusLisp code from rc_msgs/ChassisCmd.msg[0m
[ 71%] [34m[1mGenerating Javascript code from rc_msgs/ActionData.msg[0m
[ 71%] Built target rc_msgs_generate_messages_lisp
[ 73%] [34m[1mGenerating Javascript code from rc_msgs/ChassisCmd.msg[0m
[ 76%] [34m[1mGenerating Javascript code from rc_msgs/IbusData.msg[0m
[ 78%] [34m[1mGenerating Javascript code from rc_msgs/ActionCmd.srv[0m
[ 81%] [34m[1mGenerating C++ code from rc_msgs/ChassisCmd.msg[0m
[ 84%] [34m[1mGenerating C++ code from rc_msgs/IbusData.msg[0m
[ 86%] [34m[1mGenerating C++ code from rc_msgs/ActionCmd.srv[0m
[ 89%] [34m[1mGenerating EusLisp code from rc_msgs/IbusData.msg[0m
[ 89%] Built target rc_msgs_generate_messages_nodejs
[ 92%] [34m[1mGenerating EusLisp code from rc_msgs/ActionCmd.srv[0m
[ 94%] [34m[1mGenerating EusLisp manifest code for rc_msgs[0m
[ 94%] Built target rc_msgs_generate_messages_cpp
[100%] [34m[1mGenerating Python msg __init__.py for rc_msgs[0m
[100%] [34m[1mGenerating Python srv __init__.py for rc_msgs[0m
[100%] Built target rc_msgs_generate_messages_py
[100%] Built target rc_msgs_generate_messages_eus
[35m[1mScanning dependencies of target rc_msgs_generate_messages[0m
[100%] Built target rc_msgs_generate_messages
