Symlinking /home/jialong03/github/CV/rabbit_ws/devel/include/communicate/action.h
Symlinking /home/jialong03/github/CV/rabbit_ws/devel/lib/libcommunicate1.so
Symlinking /home/jialong03/github/CV/rabbit_ws/devel/lib/pkgconfig/communicate.pc
Symlinking /home/jialong03/github/CV/rabbit_ws/devel/lib/python3/dist-packages/communicate/__init__.py
Symlinking /home/jialong03/github/CV/rabbit_ws/devel/lib/python3/dist-packages/communicate/msg/_action.py
Symlinking /home/jialong03/github/CV/rabbit_ws/devel/lib/python3/dist-packages/communicate/msg/__init__.py
Symlinking /home/jialong03/github/CV/rabbit_ws/devel/lib/communicate/communicate
Symlinking /home/jialong03/github/CV/rabbit_ws/devel/share/gennodejs/ros/communicate/_index.js
Symlinking /home/jialong03/github/CV/rabbit_ws/devel/share/gennodejs/ros/communicate/msg/action.js
Symlinking /home/jialong03/github/CV/rabbit_ws/devel/share/gennodejs/ros/communicate/msg/_index.js
Symlinking /home/jialong03/github/CV/rabbit_ws/devel/share/roseus/ros/communicate/manifest.l
Symlinking /home/jialong03/github/CV/rabbit_ws/devel/share/roseus/ros/communicate/msg/action.l
Symlinking /home/jialong03/github/CV/rabbit_ws/devel/share/common-lisp/ros/communicate/msg/communicate-msg.asd
Symlinking /home/jialong03/github/CV/rabbit_ws/devel/share/common-lisp/ros/communicate/msg/action.lisp
Symlinking /home/jialong03/github/CV/rabbit_ws/devel/share/common-lisp/ros/communicate/msg/_package_action.lisp
Symlinking /home/jialong03/github/CV/rabbit_ws/devel/share/common-lisp/ros/communicate/msg/_package.lisp
Symlinking /home/jialong03/github/CV/rabbit_ws/devel/share/communicate/cmake/communicateConfig.cmake
Symlinking /home/jialong03/github/CV/rabbit_ws/devel/share/communicate/cmake/communicate-msg-paths.cmake
Symlinking /home/jialong03/github/CV/rabbit_ws/devel/share/communicate/cmake/communicateConfig-version.cmake
Symlinking /home/jialong03/github/CV/rabbit_ws/devel/share/communicate/cmake/communicate-msg-extras.cmake
