[36m--[0m Using CATKIN_DEVEL_PREFIX: /home/jialong03/github/CV/rabbit_ws/devel/.private/communicate
[36m--[0m Using CMAKE_PREFIX_PATH: /home/jialong03/github/CV/rabbit_ws/devel;/opt/ros/noetic
[36m--[0m This workspace overlays: /home/jialong03/github/CV/rabbit_ws/devel;/opt/ros/noetic
[36m--[0m Found PythonInterp: /home/jialong03/anaconda3/bin/python3 (found suitable version "3.9.12", minimum required is "3")
[36m--[0m Using PYTHON_EXECUTABLE: /home/jialong03/anaconda3/bin/python3
[36m--[0m Using Debian Python package layout
[36m--[0m Using empy: /home/jialong03/anaconda3/lib/python3.9/site-packages/em.py
[36m--[0m Using CATKIN_ENABLE_TESTING: ON
[36m--[0m Call enable_testing()
[36m--[0m Using CATKIN_TEST_RESULTS_DIR: /home/jialong03/github/CV/rabbit_ws/build/communicate/test_results
[36m--[0m Forcing gtest/gmock from source, though one was otherwise available.
[36m--[0m Found gtest sources under '/usr/src/googletest': gtests will be built
[36m--[0m Found gmock sources under '/usr/src/googletest': gmock will be built
[36m--[0m Found PythonInterp: /home/jialong03/anaconda3/bin/python3 (found version "3.9.12")
[36m--[0m Using Python nosetests: /usr/bin/nosetests3
[36m--[0m catkin 0.8.10
[36m--[0m BUILD_SHARED_LIBS is on
[36m--[0m Using these message generators: gencpp;geneus;genlisp;gennodejs;genpy
[36m--[0m communicate: 1 messages, 0 services
[31m[1mCMake Error[0m at /home/jialong03/github/CV/rabbit_ws/src/communicate/CMakeLists.txt:163 (target_link_libraries):
  Target "communicate2" of type EXECUTABLE may not be linked into another
  target.  One may link only to INTERFACE, OBJECT, STATIC or SHARED
  libraries, or to executables with the ENABLE_EXPORTS property set.


[36m--[0m Configuring incomplete, errors occurred!
See also "/home/jialong03/github/CV/rabbit_ws/build/communicate/CMakeFiles/CMakeOutput.log".
See also "/home/jialong03/github/CV/rabbit_ws/build/communicate/CMakeFiles/CMakeError.log".
make: *** [Makefile:819：cmake_check_build_system] 错误 1
