[  0%] Built target rosgraph_msgs_generate_messages_eus
[  0%] Built target std_msgs_generate_messages_cpp
[  0%] Built target std_msgs_generate_messages_nodejs
[  0%] Built target rosgraph_msgs_generate_messages_cpp
[  0%] Built target roscpp_generate_messages_nodejs
[  0%] Built target std_msgs_generate_messages_lisp
[  0%] Built target std_msgs_generate_messages_eus
[  0%] Built target roscpp_generate_messages_py
[  0%] Built target roscpp_generate_messages_cpp
[  0%] Built target roscpp_generate_messages_eus
[  0%] Built target rosgraph_msgs_generate_messages_nodejs
[  0%] Built target rosgraph_msgs_generate_messages_py
[  0%] Built target rosgraph_msgs_generate_messages_lisp
[  0%] Built target roscpp_generate_messages_lisp
[  0%] Built target std_msgs_generate_messages_py
[  0%] Built target _communicate_generate_messages_check_deps_action
[ 38%] Built target communicate_generate_messages_lisp
[ 38%] Built target communicate_generate_messages_cpp
[ 38%] Built target communicate_generate_messages_py
[ 38%] Built target communicate_generate_messages_nodejs
[ 53%] Built target communicate_generate_messages_eus
[ 53%] Built target communicate_generate_messages
[ 69%] Built target communicate1
[35m[1mScanning dependencies of target communicate[0m
[ 76%] [32mBuilding CXX object CMakeFiles/communicate.dir/src/communication/Action_data.cpp.o[0m
[ 84%] [32m[1mLinking CXX executable /home/jialong03/github/CV/rabbit_ws/devel/.private/communicate/lib/communicate/communicate[0m
/usr/bin/ld: CMakeFiles/communicate.dir/src/communication/Action_deal.cpp.o: in function `boost::system::detail::std_category::default_error_condition(int) const':
/usr/include/boost/system/detail/std_interoperability.hpp:83: multiple definition of `main'; CMakeFiles/communicate.dir/src/communication/Action_data.cpp.o:/home/jialong03/github/CV/rabbit_ws/src/communicate/src/communication/Action_data.cpp:7: first defined here
collect2: error: ld returned 1 exit status
make[2]: *** [CMakeFiles/communicate.dir/build.make:132：/home/jialong03/github/CV/rabbit_ws/devel/.private/communicate/lib/communicate/communicate] 错误 1
make[1]: *** [CMakeFiles/Makefile2:190：CMakeFiles/communicate.dir/all] 错误 2
make: *** [Makefile:141：all] 错误 2
