[  0%] Built target rosgraph_msgs_generate_messages_cpp
[  0%] Built target std_msgs_generate_messages_cpp
[  0%] Built target std_msgs_generate_messages_nodejs
[  0%] Built target rosgraph_msgs_generate_messages_eus
[  0%] Built target std_msgs_generate_messages_eus
[  0%] Built target roscpp_generate_messages_cpp
[  0%] Built target roscpp_generate_messages_eus
[  0%] Built target roscpp_generate_messages_nodejs
[  0%] Built target roscpp_generate_messages_py
[  0%] Built target std_msgs_generate_messages_lisp
[  0%] Built target rosgraph_msgs_generate_messages_py
[  0%] Built target rosgraph_msgs_generate_messages_nodejs
[  0%] Built target std_msgs_generate_messages_py
[  0%] Built target rosgraph_msgs_generate_messages_lisp
[  0%] Built target roscpp_generate_messages_lisp
[  0%] Built target _communicate_generate_messages_check_deps_action
[  8%] Built target communicate_generate_messages_nodejs
[ 25%] Built target communicate_generate_messages_py
[ 41%] Built target communicate_generate_messages_cpp
[ 41%] Built target communicate_generate_messages_lisp
[ 58%] Built target communicate_generate_messages_eus
[ 58%] Built target communicate_generate_messages
[ 75%] Built target communicate1
[35m[1mScanning dependencies of target communicate[0m
[ 83%] [32m[1mLinking CXX executable /home/jialong03/github/CV/rabbit_ws/devel/.private/communicate/lib/communicate/communicate[0m
[100%] Built target communicate
